<?xml version="1.0" encoding="UTF-8"?>
<!-- Generated by org.testng.reporters.JUnitXMLReporter -->
<testsuite hostname="DESKTOP-HMPMCMN" ignored="0" name="Default test" tests="3" failures="0" timestamp="25 May 2018 10:08:40 GMT" time="19.19" errors="0">
  <testcase name="testLogin" time="0.146" classname="com.sapient.assignmentqa.tests.LoginTest"/>
  <testcase name="testValidLogin" time="13.082" classname="com.sapient.assignmentqa.tests.LoginTest"/>
  <testcase name="testWrongLogin" time="1.782" classname="com.sapient.assignmentqa.tests.LoginTest"/>
</testsuite> <!-- Default test -->
