<?xml version="1.0" encoding="UTF-8"?>
<testng-results skipped="0" failed="0" ignored="3" total="6" passed="3">
  <reporter-output>
  </reporter-output>
  <suite name="Suite1" duration-ms="7188" started-at="2018-05-25T15:18:23Z" finished-at="2018-05-25T15:18:31Z">
    <groups>
    </groups>
    <test name="Test2" duration-ms="5679" started-at="2018-05-25T15:18:23Z" finished-at="2018-05-25T15:18:29Z">
      <class name="com.sapient.assignmentqa.tests.LoginTest">
        <test-method status="PASS" signature="setup()[pri:0, instance:com.sapient.assignmentqa.tests.LoginTest@59f63e24]" name="setup" is-config="true" duration-ms="2280" started-at="2018-05-25T15:18:24Z" finished-at="2018-05-25T15:18:26Z">
          <reporter-output>
          </reporter-output>
        </test-method> <!-- setup -->
        <test-method status="PASS" signature="testLogin()[pri:0, instance:com.sapient.assignmentqa.tests.LoginTest@59f63e24]" name="testLogin" duration-ms="86" started-at="2018-05-25T15:18:26Z" finished-at="2018-05-25T15:18:26Z">
          <reporter-output>
          </reporter-output>
        </test-method> <!-- testLogin -->
        <test-method status="PASS" signature="setup()[pri:0, instance:com.sapient.assignmentqa.tests.LoginTest@59f63e24]" name="setup" is-config="true" duration-ms="769" started-at="2018-05-25T15:18:26Z" finished-at="2018-05-25T15:18:27Z">
          <reporter-output>
          </reporter-output>
        </test-method> <!-- setup -->
        <test-method status="PASS" signature="testWrongLogin()[pri:0, instance:com.sapient.assignmentqa.tests.LoginTest@59f63e24]" name="testWrongLogin" duration-ms="1834" started-at="2018-05-25T15:18:27Z" finished-at="2018-05-25T15:18:28Z">
          <reporter-output>
          </reporter-output>
        </test-method> <!-- testWrongLogin -->
        <test-method status="PASS" signature="tearDown()[pri:0, instance:com.sapient.assignmentqa.tests.LoginTest@59f63e24]" name="tearDown" is-config="true" duration-ms="649" started-at="2018-05-25T15:18:28Z" finished-at="2018-05-25T15:18:29Z">
          <reporter-output>
          </reporter-output>
        </test-method> <!-- tearDown -->
      </class> <!-- com.sapient.assignmentqa.tests.LoginTest -->
    </test> <!-- Test2 -->
    <test name="Test1" duration-ms="7188" started-at="2018-05-25T15:18:23Z" finished-at="2018-05-25T15:18:31Z">
      <class name="com.sapient.assignmentqa.tests.LoginTest">
        <test-method status="PASS" signature="setup()[pri:0, instance:com.sapient.assignmentqa.tests.LoginTest@6155d082]" name="setup" is-config="true" duration-ms="2260" started-at="2018-05-25T15:18:24Z" finished-at="2018-05-25T15:18:26Z">
          <reporter-output>
          </reporter-output>
        </test-method> <!-- setup -->
        <test-method status="PASS" signature="testValidLogin()[pri:0, instance:com.sapient.assignmentqa.tests.LoginTest@6155d082]" name="testValidLogin" duration-ms="4225" started-at="2018-05-25T15:18:26Z" finished-at="2018-05-25T15:18:30Z">
          <reporter-output>
          </reporter-output>
        </test-method> <!-- testValidLogin -->
        <test-method status="PASS" signature="tearDown()[pri:0, instance:com.sapient.assignmentqa.tests.LoginTest@6155d082]" name="tearDown" is-config="true" duration-ms="640" started-at="2018-05-25T15:18:30Z" finished-at="2018-05-25T15:18:31Z">
          <reporter-output>
          </reporter-output>
        </test-method> <!-- tearDown -->
      </class> <!-- com.sapient.assignmentqa.tests.LoginTest -->
    </test> <!-- Test1 -->
  </suite> <!-- Suite1 -->
</testng-results>
