<?xml version="1.0" encoding="UTF-8"?>
<!-- Generated by org.testng.reporters.JUnitXMLReporter -->
<testsuite hostname="DESKTOP-HMPMCMN" ignored="1" name="Test2" tests="2" failures="0" timestamp="25 May 2018 15:18:29 GMT" time="5.679" errors="0">
  <testcase name="testLogin" time="0.086" classname="com.sapient.assignmentqa.tests.LoginTest"/>
  <testcase name="testWrongLogin" time="1.834" classname="com.sapient.assignmentqa.tests.LoginTest"/>
  <testcase name="testValidLogin" time="0.0" classname="com.sapient.assignmentqa.tests.LoginTest">
    <ignored/>
  </testcase> <!-- testValidLogin -->
</testsuite> <!-- Test2 -->
