<?xml version="1.0" encoding="UTF-8"?>
<!-- Generated by org.testng.reporters.JUnitXMLReporter -->
<testsuite hostname="DESKTOP-HMPMCMN" ignored="2" name="Test1" tests="1" failures="0" timestamp="25 May 2018 15:18:31 GMT" time="7.188" errors="0">
  <testcase name="testValidLogin" time="4.225" classname="com.sapient.assignmentqa.tests.LoginTest"/>
  <testcase name="testWrongLogin" time="0.0" classname="com.sapient.assignmentqa.tests.LoginTest">
    <ignored/>
  </testcase> <!-- testWrongLogin -->
  <testcase name="testLogin" time="0.0" classname="com.sapient.assignmentqa.tests.LoginTest">
    <ignored/>
  </testcase> <!-- testLogin -->
</testsuite> <!-- Test1 -->
